[2023-02-12T21:05:40.795524+01:00] [] [INFO] [NCLS-GFLAUNCHER-00005] [jakarta.enterprise.launcher] [tid: _ThreadID=1 _ThreadName=main] [levelValue: 800] [[
  JVM invocation command line:
/Library/Java/JavaVirtualMachines/jdk-11.jdk/Contents/Home/bin/java
-cp
/Users/andreas/Documents/MIUN/appJava/projekt/dt170g_projekt/glassfish7/glassfish/modules/glassfish.jar
-DWALL_CLOCK_START=2023-02-12T20:05:40.633137Z
-XX:+UnlockDiagnosticVMOptions
-XX:NewRatio=2
-Xmx512m
--add-opens=java.base/java.io=ALL-UNNAMED
--add-opens=java.base/java.lang=ALL-UNNAMED
--add-opens=java.base/java.util=ALL-UNNAMED
--add-opens=java.base/sun.net.www.protocol.jrt=ALL-UNNAMED
--add-opens=java.naming/javax.naming.spi=ALL-UNNAMED
--add-opens=java.rmi/sun.rmi.transport=ALL-UNNAMED
--add-opens=jdk.management/com.sun.management.internal=ALL-UNNAMED
--add-exports=java.naming/com.sun.jndi.ldap=ALL-UNNAMED
--add-exports=java.base/jdk.internal.vm.annotation=ALL-UNNAMED
--add-opens=java.base/jdk.internal.vm.annotation=ALL-UNNAMED
-javaagent:/Users/andreas/Documents/MIUN/appJava/projekt/dt170g_projekt/glassfish7/glassfish/lib/monitor/flashlight-agent.jar
-Djava.awt.headless=true
-Djdk.corba.allowOutputStreamSubclass=true
-Djdk.tls.rejectClientInitiatedRenegotiation=true
-Djavax.xml.accessExternalSchema=all
-Djava.security.policy=/Users/andreas/Documents/MIUN/appJava/projekt/dt170g_projekt/glassfish7/glassfish/domains/domain1/config/server.policy
-Djava.security.auth.login.config=/Users/andreas/Documents/MIUN/appJava/projekt/dt170g_projekt/glassfish7/glassfish/domains/domain1/config/login.conf
-Dcom.sun.enterprise.security.httpsOutboundKeyAlias=s1as
-Djavax.net.ssl.keyStore=/Users/andreas/Documents/MIUN/appJava/projekt/dt170g_projekt/glassfish7/glassfish/domains/domain1/config/keystore.jks
-Djavax.net.ssl.trustStore=/Users/andreas/Documents/MIUN/appJava/projekt/dt170g_projekt/glassfish7/glassfish/domains/domain1/config/cacerts.jks
-Djdbc.drivers=org.apache.derby.jdbc.ClientDriver
-DANTLR_USE_DIRECT_CLASS_LOADING=true
-Dcom.sun.enterprise.config.config_environment_factory_class=com.sun.enterprise.config.serverbeans.AppserverConfigEnvironmentFactory
-Dorg.glassfish.additionalOSGiBundlesToStart=org.apache.felix.shell,org.apache.felix.gogo.runtime,org.apache.felix.gogo.shell,org.apache.felix.gogo.command,org.apache.felix.shell.remote,org.apache.felix.fileinstall
-Dosgi.shell.telnet.port=6666
-Dosgi.shell.telnet.maxconn=1
-Dosgi.shell.telnet.ip=127.0.0.1
-Dgosh.args=--nointeractive
-Dfelix.fileinstall.dir=/Users/andreas/Documents/MIUN/appJava/projekt/dt170g_projekt/glassfish7/glassfish/modules/autostart/
-Dfelix.fileinstall.poll=5000
-Dfelix.fileinstall.log.level=2
-Dfelix.fileinstall.bundles.new.start=true
-Dfelix.fileinstall.bundles.startTransient=true
-Dfelix.fileinstall.disableConfigSave=false
-Dorg.glassfish.gmbal.no.multipleUpperBoundsException=true
-Dcom.ctc.wstx.returnNullForDefaultNamespace=true
-Djdk.attach.allowAttachSelf=true
-Dcom.sun.aas.instanceRoot=/Users/andreas/Documents/MIUN/appJava/projekt/dt170g_projekt/glassfish7/glassfish/domains/domain1
-Dcom.sun.aas.installRoot=/Users/andreas/Documents/MIUN/appJava/projekt/dt170g_projekt/glassfish7/glassfish
-Djava.library.path=/Users/andreas/Documents/MIUN/appJava/projekt/dt170g_projekt/glassfish7/glassfish/lib:/Users/andreas/Library/Java/Extensions:/Library/Java/Extensions:/Network/Library/Java/Extensions:/System/Library/Java/Extensions:/usr/lib/java:/Users/andreas/Documents/MIUN/appJava/projekt/dt170g_projekt/glassfish7/glassfish/bin
com.sun.enterprise.glassfish.bootstrap.ASMain
-upgrade
false
-domaindir
/Users/andreas/Documents/MIUN/appJava/projekt/dt170g_projekt/glassfish7/glassfish/domains/domain1
-read-stdin
true
-asadmin-args
--host,,,localhost,,,--port,,,4848,,,--secure=false,,,--terse=false,,,--echo=false,,,--interactive=false,,,start-domain,,,--verbose=false,,,--watchdog=false,,,--debug=false,,,--domaindir,,,/Users/andreas/Documents/MIUN/appJava/projekt/dt170g_projekt/glassfish7/glassfish/domains,,,domain1
-domainname
domain1
-instancename
server
-type
DAS
-verbose
false
-asadmin-classpath
/Users/andreas/Documents/MIUN/appJava/projekt/dt170g_projekt/glassfish7/glassfish/lib/client/appserver-cli.jar
-debug
false
-asadmin-classname
com.sun.enterprise.admin.cli.AdminMain]]

[2023-02-12T21:05:41.964658+01:00] [GlassFish 7.0] [SEVERE] [] [] [tid: _ThreadID=1 _ThreadName=main] [levelValue: 1000] [[
  Ignoring unrecognized element jms-service at Line number = 290
Column number = 104
System Id = null
Public Id = null
Location Uri= null
CharacterOffset = 18870
]]

[2023-02-12T21:05:41.970314+01:00] [GlassFish 7.0] [SEVERE] [] [] [tid: _ThreadID=1 _ThreadName=main] [levelValue: 1000] [[
  Ignoring unrecognized element jms-availability at Line number = 413
Column number = 29
System Id = null
Public Id = null
Location Uri= null
CharacterOffset = 28234
]]

[2023-02-12T21:05:42.071820+01:00] [GlassFish 7.0] [INFO] [] [com.sun.enterprise.server.logging.LogManagerService] [tid: _ThreadID=1 _ThreadName=main] [levelValue: 800] [[
  Using property file: /Users/andreas/Documents/MIUN/appJava/projekt/dt170g_projekt/glassfish7/glassfish/domains/domain1/config/logging.properties]]

[2023-02-12T21:05:42.089069+01:00] [GlassFish 7.0] [INFO] [NCLS-LOGGING-00009] [com.sun.enterprise.server.logging.LogManagerService] [tid: _ThreadID=1 _ThreadName=main] [levelValue: 800] [[
  Running GlassFish Version: Eclipse GlassFish  7.0.0  (build master-b1292-g9052d5b 2020-12-19T17:24:00+0000)]]

[2023-02-12T21:05:42.154100+01:00] [GlassFish 7.0] [INFO] [NCLS-SECURITY-01115] [jakarta.enterprise.system.core.security] [tid: _ThreadID=1 _ThreadName=main] [levelValue: 800] [[
  Realm [admin-realm] of classtype [com.sun.enterprise.security.auth.realm.file.FileRealm] successfully created.]]

[2023-02-12T21:05:42.154956+01:00] [GlassFish 7.0] [INFO] [NCLS-SECURITY-01115] [jakarta.enterprise.system.core.security] [tid: _ThreadID=1 _ThreadName=main] [levelValue: 800] [[
  Realm [file] of classtype [com.sun.enterprise.security.auth.realm.file.FileRealm] successfully created.]]

[2023-02-12T21:05:42.157209+01:00] [GlassFish 7.0] [INFO] [NCLS-SECURITY-01115] [jakarta.enterprise.system.core.security] [tid: _ThreadID=1 _ThreadName=main] [levelValue: 800] [[
  Realm [certificate] of classtype [com.sun.enterprise.security.auth.realm.certificate.CertificateRealm] successfully created.]]

[2023-02-12T21:05:42.279597+01:00] [GlassFish 7.0] [INFO] [NCLS-CORE-00087] [jakarta.enterprise.system.core] [tid: _ThreadID=1 _ThreadName=main] [levelValue: 800] [[
  Grizzly Framework 4.0.0 started in: 13ms - bound to [/0.0.0.0:8080]]]

[2023-02-12T21:05:42.295484+01:00] [GlassFish 7.0] [INFO] [NCLS-CORE-00087] [jakarta.enterprise.system.core] [tid: _ThreadID=1 _ThreadName=main] [levelValue: 800] [[
  Grizzly Framework 4.0.0 started in: 1ms - bound to [/0.0.0.0:8181]]]

[2023-02-12T21:05:42.298485+01:00] [GlassFish 7.0] [INFO] [NCLS-CORE-00087] [jakarta.enterprise.system.core] [tid: _ThreadID=1 _ThreadName=main] [levelValue: 800] [[
  Grizzly Framework 4.0.0 started in: 1ms - bound to [/0.0.0.0:4848]]]

[2023-02-12T21:05:42.321895+01:00] [GlassFish 7.0] [INFO] [SEC-SVCS-00100] [jakarta.enterprise.security.services] [tid: _ThreadID=1 _ThreadName=main] [levelValue: 800] [[
  Authorization Service has successfully initialized.]]

[2023-02-12T21:05:42.355249+01:00] [GlassFish 7.0] [INFO] [] [org.glassfish.ha.store.spi.BackingStoreFactoryRegistry] [tid: _ThreadID=1 _ThreadName=main] [levelValue: 800] [[
  Registered org.glassfish.ha.store.adapter.cache.ShoalBackingStoreProxy for persistence-type = replicated in BackingStoreFactoryRegistry]]

[2023-02-12T21:05:42.368220+01:00] [GlassFish 7.0] [INFO] [NCLS-CORE-00087] [jakarta.enterprise.system.core] [tid: _ThreadID=1 _ThreadName=main] [levelValue: 800] [[
  Grizzly Framework 4.0.0 started in: 1ms - bound to [/0.0.0.0:3700]]]

[2023-02-12T21:05:42.517587+01:00] [GlassFish 7.0] [INFO] [NCLS-CORE-00017] [jakarta.enterprise.system.core] [tid: _ThreadID=1 _ThreadName=main] [levelValue: 800] [[
  Eclipse GlassFish  7.0.0  (master-b1292-g9052d5b 2020-12-19T17:24:00+0000) startup time : Embedded (1 013ms), startup services(470ms), total(1 483ms)]]

[2023-02-12T21:05:42.611353+01:00] [GlassFish 7.0] [INFO] [NCLS-JMX-00005] [jakarta.enterprise.system.jmx] [tid: _ThreadID=67 _ThreadName=Thread-6] [levelValue: 800] [[
  JMXStartupService has started JMXConnector on JMXService URL service:jmx:rmi://localhost:8686/jndi/rmi://localhost:8686/jmxrmi]]

[2023-02-12T21:05:43.482051+01:00] [GlassFish 7.0] [INFO] [] [jakarta.enterprise.system.tools.deployment.common] [tid: _ThreadID=46 _ThreadName=admin-listener(1)] [levelValue: 800] [[
  visiting unvisited references]]

[2023-02-12T21:05:43.656525+01:00] [GlassFish 7.0] [INFO] [NCLS-SECURITY-01002] [jakarta.enterprise.system.core.security] [tid: _ThreadID=46 _ThreadName=admin-listener(1)] [levelValue: 800] [[
  Java security manager is disabled.]]

[2023-02-12T21:05:43.656965+01:00] [GlassFish 7.0] [INFO] [NCLS-SECURITY-01010] [jakarta.enterprise.system.core.security] [tid: _ThreadID=46 _ThreadName=admin-listener(1)] [levelValue: 800] [[
  Entering Security Startup Service.]]

[2023-02-12T21:05:43.659496+01:00] [GlassFish 7.0] [INFO] [NCLS-SECURITY-01143] [jakarta.enterprise.system.core.security] [tid: _ThreadID=46 _ThreadName=admin-listener(1)] [levelValue: 800] [[
  Loading policy provider org.glassfish.exousia.modules.locked.SimplePolicyProvider.]]

[2023-02-12T21:05:43.672022+01:00] [GlassFish 7.0] [INFO] [NCLS-SECURITY-01011] [jakarta.enterprise.system.core.security] [tid: _ThreadID=46 _ThreadName=admin-listener(1)] [levelValue: 800] [[
  Security Service(s) started successfully.]]

[2023-02-12T21:05:43.754159+01:00] [GlassFish 7.0] [INFO] [AS-WEB-GLUE-00198] [jakarta.enterprise.web] [tid: _ThreadID=46 _ThreadName=admin-listener(1)] [levelValue: 800] [[
  Created HTTP listener http-listener-1 on host/port 0.0.0.0:8080]]

[2023-02-12T21:05:43.756529+01:00] [GlassFish 7.0] [INFO] [AS-WEB-GLUE-00198] [jakarta.enterprise.web] [tid: _ThreadID=46 _ThreadName=admin-listener(1)] [levelValue: 800] [[
  Created HTTP listener http-listener-2 on host/port 0.0.0.0:8181]]

[2023-02-12T21:05:43.757202+01:00] [GlassFish 7.0] [INFO] [AS-WEB-GLUE-00198] [jakarta.enterprise.web] [tid: _ThreadID=46 _ThreadName=admin-listener(1)] [levelValue: 800] [[
  Created HTTP listener admin-listener on host/port 0.0.0.0:4848]]

[2023-02-12T21:05:43.765887+01:00] [GlassFish 7.0] [INFO] [AS-WEB-GLUE-00200] [jakarta.enterprise.web] [tid: _ThreadID=46 _ThreadName=admin-listener(1)] [levelValue: 800] [[
  Created virtual server server]]

[2023-02-12T21:05:43.767108+01:00] [GlassFish 7.0] [INFO] [AS-WEB-GLUE-00200] [jakarta.enterprise.web] [tid: _ThreadID=46 _ThreadName=admin-listener(1)] [levelValue: 800] [[
  Created virtual server __asadmin]]

[2023-02-12T21:05:43.841828+01:00] [GlassFish 7.0] [INFO] [AS-WEB-CORE-00306] [jakarta.enterprise.web.core] [tid: _ThreadID=46 _ThreadName=admin-listener(1)] [levelValue: 800] [[
  Setting JAAS app name glassfish-web]]

[2023-02-12T21:05:43.842162+01:00] [GlassFish 7.0] [INFO] [AS-WEB-GLUE-00201] [jakarta.enterprise.web] [tid: _ThreadID=46 _ThreadName=admin-listener(1)] [levelValue: 800] [[
  Virtual server server loaded default web module ]]

[2023-02-12T21:05:44.040782+01:00] [GlassFish 7.0] [INFO] [] [jakarta.enterprise.system.tools.deployment.common] [tid: _ThreadID=46 _ThreadName=admin-listener(1)] [levelValue: 800] [[
  visiting unvisited references]]

[2023-02-12T21:05:44.060826+01:00] [GlassFish 7.0] [INFO] [] [jakarta.enterprise.system.tools.deployment.common] [tid: _ThreadID=46 _ThreadName=admin-listener(1)] [levelValue: 800] [[
  visiting unvisited references]]

[2023-02-12T21:05:44.061276+01:00] [GlassFish 7.0] [INFO] [] [jakarta.enterprise.system.tools.deployment.common] [tid: _ThreadID=46 _ThreadName=admin-listener(1)] [levelValue: 800] [[
  visiting unvisited references]]

[2023-02-12T21:05:44.061561+01:00] [GlassFish 7.0] [INFO] [] [jakarta.enterprise.system.tools.deployment.common] [tid: _ThreadID=46 _ThreadName=admin-listener(1)] [levelValue: 800] [[
  visiting unvisited references]]

[2023-02-12T21:05:44.061969+01:00] [GlassFish 7.0] [INFO] [] [jakarta.enterprise.system.tools.deployment.common] [tid: _ThreadID=46 _ThreadName=admin-listener(1)] [levelValue: 800] [[
  visiting unvisited references]]

[2023-02-12T21:05:44.062354+01:00] [GlassFish 7.0] [INFO] [] [jakarta.enterprise.system.tools.deployment.common] [tid: _ThreadID=46 _ThreadName=admin-listener(1)] [levelValue: 800] [[
  visiting unvisited references]]

[2023-02-12T21:05:44.062612+01:00] [GlassFish 7.0] [INFO] [] [jakarta.enterprise.system.tools.deployment.common] [tid: _ThreadID=46 _ThreadName=admin-listener(1)] [levelValue: 800] [[
  visiting unvisited references]]

[2023-02-12T21:05:44.062880+01:00] [GlassFish 7.0] [INFO] [] [jakarta.enterprise.system.tools.deployment.common] [tid: _ThreadID=46 _ThreadName=admin-listener(1)] [levelValue: 800] [[
  visiting unvisited references]]

[2023-02-12T21:05:44.063187+01:00] [GlassFish 7.0] [INFO] [] [jakarta.enterprise.system.tools.deployment.common] [tid: _ThreadID=46 _ThreadName=admin-listener(1)] [levelValue: 800] [[
  visiting unvisited references]]

[2023-02-12T21:05:44.063465+01:00] [GlassFish 7.0] [INFO] [] [jakarta.enterprise.system.tools.deployment.common] [tid: _ThreadID=46 _ThreadName=admin-listener(1)] [levelValue: 800] [[
  visiting unvisited references]]

[2023-02-12T21:05:44.063708+01:00] [GlassFish 7.0] [INFO] [] [jakarta.enterprise.system.tools.deployment.common] [tid: _ThreadID=46 _ThreadName=admin-listener(1)] [levelValue: 800] [[
  visiting unvisited references]]

[2023-02-12T21:05:44.064082+01:00] [GlassFish 7.0] [INFO] [] [jakarta.enterprise.system.tools.deployment.common] [tid: _ThreadID=46 _ThreadName=admin-listener(1)] [levelValue: 800] [[
  visiting unvisited references]]

[2023-02-12T21:05:44.064372+01:00] [GlassFish 7.0] [INFO] [] [jakarta.enterprise.system.tools.deployment.common] [tid: _ThreadID=46 _ThreadName=admin-listener(1)] [levelValue: 800] [[
  visiting unvisited references]]

[2023-02-12T21:05:44.064621+01:00] [GlassFish 7.0] [INFO] [] [jakarta.enterprise.system.tools.deployment.common] [tid: _ThreadID=46 _ThreadName=admin-listener(1)] [levelValue: 800] [[
  visiting unvisited references]]

[2023-02-12T21:05:44.064860+01:00] [GlassFish 7.0] [INFO] [] [jakarta.enterprise.system.tools.deployment.common] [tid: _ThreadID=46 _ThreadName=admin-listener(1)] [levelValue: 800] [[
  visiting unvisited references]]

[2023-02-12T21:05:44.065292+01:00] [GlassFish 7.0] [INFO] [] [jakarta.enterprise.system.tools.deployment.common] [tid: _ThreadID=46 _ThreadName=admin-listener(1)] [levelValue: 800] [[
  visiting unvisited references]]

[2023-02-12T21:05:44.065536+01:00] [GlassFish 7.0] [INFO] [] [jakarta.enterprise.system.tools.deployment.common] [tid: _ThreadID=46 _ThreadName=admin-listener(1)] [levelValue: 800] [[
  visiting unvisited references]]

[2023-02-12T21:05:44.065774+01:00] [GlassFish 7.0] [INFO] [] [jakarta.enterprise.system.tools.deployment.common] [tid: _ThreadID=46 _ThreadName=admin-listener(1)] [levelValue: 800] [[
  visiting unvisited references]]

[2023-02-12T21:05:44.066003+01:00] [GlassFish 7.0] [INFO] [] [jakarta.enterprise.system.tools.deployment.common] [tid: _ThreadID=46 _ThreadName=admin-listener(1)] [levelValue: 800] [[
  visiting unvisited references]]

[2023-02-12T21:05:44.066315+01:00] [GlassFish 7.0] [INFO] [] [jakarta.enterprise.system.tools.deployment.common] [tid: _ThreadID=46 _ThreadName=admin-listener(1)] [levelValue: 800] [[
  visiting unvisited references]]

[2023-02-12T21:05:44.066545+01:00] [GlassFish 7.0] [INFO] [] [jakarta.enterprise.system.tools.deployment.common] [tid: _ThreadID=46 _ThreadName=admin-listener(1)] [levelValue: 800] [[
  visiting unvisited references]]

[2023-02-12T21:05:44.066951+01:00] [GlassFish 7.0] [INFO] [] [jakarta.enterprise.system.tools.deployment.common] [tid: _ThreadID=46 _ThreadName=admin-listener(1)] [levelValue: 800] [[
  visiting unvisited references]]

[2023-02-12T21:05:44.112185+01:00] [GlassFish 7.0] [WARNING] [] [jakarta.enterprise.web.util] [tid: _ThreadID=46 _ThreadName=admin-listener(1)] [levelValue: 900] [[
  The web application [unknown] registered the JDBC driver [com.mysql.cj.jdbc.Driver] but failed to unregister it when the web application was stopped. To prevent a memory leak, the JDBC Driver has been forcibly unregistered.]]

[2023-02-12T21:05:44.122098+01:00] [GlassFish 7.0] [INFO] [] [org.jboss.weld.Version] [tid: _ThreadID=46 _ThreadName=admin-listener(1)] [levelValue: 800] [[
  WELD-000900: 5.1.0 (Final)]]

[2023-02-12T21:05:44.371581+01:00] [GlassFish 7.0] [INFO] [] [org.jboss.weld.Event] [tid: _ThreadID=46 _ThreadName=admin-listener(1)] [levelValue: 800] [[
  WELD-000411: Observer method [BackedAnnotatedMethod] public org.glassfish.jersey.ext.cdi1x.internal.ProcessAllAnnotatedTypes.processAnnotatedType(@Observes ProcessAnnotatedType<?>, BeanManager) receives events for all annotated types. Consider restricting events using @WithAnnotations or a generic type with bounds.]]

[2023-02-12T21:05:44.378228+01:00] [GlassFish 7.0] [INFO] [] [org.jboss.weld.Event] [tid: _ThreadID=46 _ThreadName=admin-listener(1)] [levelValue: 800] [[
  WELD-000411: Observer method [BackedAnnotatedMethod] org.glassfish.sse.impl.ServerSentEventCdiExtension.processAnnotatedType(@Observes ProcessAnnotatedType<T>, BeanManager) receives events for all annotated types. Consider restricting events using @WithAnnotations or a generic type with bounds.]]

[2023-02-12T21:05:44.757980+01:00] [GlassFish 7.0] [INFO] [] [org.glassfish.soteria.servlet.SamRegistrationInstaller] [tid: _ThreadID=46 _ThreadName=admin-listener(1)] [levelValue: 800] [[
  Initializing Soteria 3.0.1 for context '/dt170g_projekt-1.0-SNAPSHOT']]

[2023-02-12T21:05:44.775432+01:00] [GlassFish 7.0] [INFO] [AS-WEB-GLUE-00172] [jakarta.enterprise.web] [tid: _ThreadID=46 _ThreadName=admin-listener(1)] [levelValue: 800] [[
  Loading application [dt170g_projekt-1.0-SNAPSHOT] at [/dt170g_projekt-1.0-SNAPSHOT]]]

[2023-02-12T21:05:44.808608+01:00] [GlassFish 7.0] [INFO] [] [jakarta.enterprise.system.core] [tid: _ThreadID=46 _ThreadName=admin-listener(1)] [levelValue: 800] [[
  dt170g_projekt-1.0-SNAPSHOT was successfully deployed in 1 876 milliseconds.]]

[2023-02-12T21:05:49.123121+01:00] [GlassFish 7.0] [INFO] [] [jakarta.enterprise.system.tools.deployment.common] [tid: _ThreadID=136 _ThreadName=Thread-31] [levelValue: 800] [[
  visiting unvisited references]]

[2023-02-12T21:05:49.228767+01:00] [GlassFish 7.0] [INFO] [] [jakarta.enterprise.system.tools.deployment.common] [tid: _ThreadID=136 _ThreadName=Thread-31] [levelValue: 800] [[
  visiting unvisited references]]

[2023-02-12T21:05:49.232353+01:00] [GlassFish 7.0] [INFO] [] [jakarta.enterprise.system.tools.deployment.common] [tid: _ThreadID=136 _ThreadName=Thread-31] [levelValue: 800] [[
  visiting unvisited references]]

[2023-02-12T21:05:49.232663+01:00] [GlassFish 7.0] [INFO] [] [jakarta.enterprise.system.tools.deployment.common] [tid: _ThreadID=136 _ThreadName=Thread-31] [levelValue: 800] [[
  visiting unvisited references]]

[2023-02-12T21:05:49.232939+01:00] [GlassFish 7.0] [INFO] [] [jakarta.enterprise.system.tools.deployment.common] [tid: _ThreadID=136 _ThreadName=Thread-31] [levelValue: 800] [[
  visiting unvisited references]]

[2023-02-12T21:05:49.299656+01:00] [GlassFish 7.0] [INFO] [] [org.jboss.weld.Event] [tid: _ThreadID=136 _ThreadName=Thread-31] [levelValue: 800] [[
  WELD-000411: Observer method [BackedAnnotatedMethod] public org.glassfish.jersey.ext.cdi1x.internal.ProcessAllAnnotatedTypes.processAnnotatedType(@Observes ProcessAnnotatedType<?>, BeanManager) receives events for all annotated types. Consider restricting events using @WithAnnotations or a generic type with bounds.]]

[2023-02-12T21:05:49.302737+01:00] [GlassFish 7.0] [INFO] [] [org.jboss.weld.Event] [tid: _ThreadID=136 _ThreadName=Thread-31] [levelValue: 800] [[
  WELD-000411: Observer method [BackedAnnotatedMethod] org.glassfish.sse.impl.ServerSentEventCdiExtension.processAnnotatedType(@Observes ProcessAnnotatedType<T>, BeanManager) receives events for all annotated types. Consider restricting events using @WithAnnotations or a generic type with bounds.]]

[2023-02-12T21:05:49.641295+01:00] [GlassFish 7.0] [INFO] [] [org.glassfish.soteria.servlet.SamRegistrationInstaller] [tid: _ThreadID=136 _ThreadName=Thread-31] [levelValue: 800] [[
  Initializing Soteria 3.0.1 for context '']]

[2023-02-12T21:05:49.669692+01:00] [GlassFish 7.0] [INFO] [faces.config.listener.version] [jakarta.enterprise.resource.webcontainer.faces.config] [tid: _ThreadID=136 _ThreadName=Thread-31] [levelValue: 800] [[
  Initializing Mojarra 4.0.0 for context '']]

[2023-02-12T21:05:49.874186+01:00] [GlassFish 7.0] [INFO] [NCLS-REST-00001] [jakarta.enterprise.admin.rest] [tid: _ThreadID=48 _ThreadName=admin-listener(3)] [levelValue: 800] [[
  Listening to REST requests at context: /management/domain.]]

[2023-02-12T21:05:50.082780+01:00] [GlassFish 7.0] [INFO] [AS-WEB-GLUE-00172] [jakarta.enterprise.web] [tid: _ThreadID=136 _ThreadName=Thread-31] [levelValue: 800] [[
  Loading application [__admingui] at [/]]]

[2023-02-12T21:05:50.083411+01:00] [GlassFish 7.0] [INFO] [NCLS-CORE-00022] [jakarta.enterprise.system.core] [tid: _ThreadID=136 _ThreadName=Thread-31] [levelValue: 800] [[
  Loading application __admingui done in 1 029 ms]]

[2023-02-12T21:05:50.181946+01:00] [GlassFish 7.0] [WARNING] [] [jakarta.enterprise.system.container.web.com.sun.web.security] [tid: _ThreadID=47 _ThreadName=admin-listener(2)] [levelValue: 900] [[
  Context path from ServletContext:  differs from path from bundle: /]]

[2023-02-12T21:05:50.911489+01:00] [GlassFish 7.0] [INFO] [] [org.glassfish.admingui] [tid: _ThreadID=50 _ThreadName=admin-listener(5)] [levelValue: 800] [[
  Redirecting to &#x2f;common&#x2f;index.jsf]]

[2023-02-12T21:05:50.946794+01:00] [GlassFish 7.0] [INFO] [] [org.glassfish.admingui] [tid: _ThreadID=170 _ThreadName=admin-listener(6)] [levelValue: 800] [[
  Admin Console: Initializing Session Attributes...]]

[2023-02-12T21:17:46.661605+01:00] [GlassFish 7.0] [INFO] [] [org.glassfish.hk2.classmodel] [tid: _ThreadID=170 _ThreadName=admin-listener(6)] [levelValue: 800] [[
  visiting unvisited references]]

[2023-02-12T21:17:46.782763+01:00] [GlassFish 7.0] [INFO] [] [jakarta.enterprise.resource.resourceadapter.com.sun.enterprise.resource.pool] [tid: _ThreadID=170 _ThreadName=admin-listener(6)] [levelValue: 800] [[
  Created connection pool and added it to PoolManager: Pool [org.glassfish.resourcebase.resources.api.PoolInfo@c56f757b[jndiName=pool, applicationName=null, moduleName=null]] PoolSize=0  FreeResources=0  QueueSize=0 matching=off validation=off]]

[2023-02-12T21:17:46.834590+01:00] [GlassFish 7.0] [WARNING] [test.connection.pool.failed] [jakarta.enterprise.resource.resourceadapter.com.sun.enterprise.connectors.service] [tid: _ThreadID=170 _ThreadName=admin-listener(6)] [levelValue: 900] [[
  RAR8054: Exception while creating an unpooled [test] connection for pool [ org.glassfish.resourcebase.resources.api.PoolInfo@c56f757b[jndiName=pool, applicationName=null, moduleName=null] ], Connection could not be allocated because: java.net.ConnectException : Error connecting to server localhost on port 1 527 with message Connection refused (Connection refused).]]

[2023-02-12T21:17:46.837763+01:00] [GlassFish 7.0] [SEVERE] [] [org.glassfish.admingui] [tid: _ThreadID=50 _ThreadName=admin-listener(5)] [levelValue: 1000] [[
  RestResponse.getResponse&#x28;&#x29; gives FAILURE.  endpoint &#x3d; &#x27;http&#x3a;&#x2f;&#x2f;localhost&#x3a;4848&#x2f;management&#x2f;domain&#x2f;resources&#x2f;ping-connection-pool.json&#x27;&#x3b; attrs &#x3d; &#x27;&#x7b;id&#x3d;pool&#x7d;&#x27;]]

[2023-02-12T21:26:15.510687+01:00] [GlassFish 7.0] [INFO] [NCLS-REST-00001] [jakarta.enterprise.admin.rest] [tid: _ThreadID=48 _ThreadName=admin-listener(3)] [levelValue: 800] [[
  Listening to REST requests at context: /command/domain.]]

[2023-02-12T21:26:15.529559+01:00] [GlassFish 7.0] [INFO] [NCLS-CORE-00092] [jakarta.enterprise.system.core] [tid: _ThreadID=223 _ThreadName=Thread-43] [levelValue: 800] [[
  Server shutdown initiated]]

[2023-02-12T21:26:15.535658+01:00] [GlassFish 7.0] [INFO] [] [jakarta.enterprise.logging.stdout] [tid: _ThreadID=223 _ThreadName=Thread-43] [levelValue: 800] [[
  FileMonitoring shutdown]]

[2023-02-12T21:26:15.538578+01:00] [GlassFish 7.0] [INFO] [NCLS-JMX-00002] [jakarta.enterprise.system.jmx] [tid: _ThreadID=223 _ThreadName=Thread-43] [levelValue: 800] [[
  JMXStartupService: Stopped JMXConnectorServer: null]]

[2023-02-12T21:26:15.538765+01:00] [GlassFish 7.0] [INFO] [NCLS-JMX-00001] [jakarta.enterprise.system.jmx] [tid: _ThreadID=223 _ThreadName=Thread-43] [levelValue: 800] [[
  JMXStartupService and JMXConnectors have been shut down.]]

[2023-02-12T21:26:15.559897+01:00] [GlassFish 7.0] [SEVERE] [] [jakarta.enterprise.web.util] [tid: _ThreadID=225 _ThreadName=RunLevelControllerThread-1676233575540] [levelValue: 1000] [[
  The web application [] created a ThreadLocal with key of type [java.lang.ThreadLocal] (value [java.lang.ThreadLocal@20b7351d]) and a value of type [org.glassfish.admingui.theme.AdminguiThemeContext] (value [org.glassfish.admingui.theme.AdminguiThemeContext@64a23623]) but failed to remove it when the web application was stopped. Threads are going to be renewed over time to try and avoid a probable memory leak.]]

[2023-02-12T21:26:15.560435+01:00] [GlassFish 7.0] [SEVERE] [] [jakarta.enterprise.web.util] [tid: _ThreadID=225 _ThreadName=RunLevelControllerThread-1676233575540] [levelValue: 1000] [[
  The web application [] created a ThreadLocal with key of type [java.lang.ThreadLocal] (value [java.lang.ThreadLocal@20b7351d]) and a value of type [org.glassfish.admingui.theme.AdminguiThemeContext] (value [org.glassfish.admingui.theme.AdminguiThemeContext@64a23623]) but failed to remove it when the web application was stopped. Threads are going to be renewed over time to try and avoid a probable memory leak.]]

[2023-02-12T21:26:15.560630+01:00] [GlassFish 7.0] [SEVERE] [] [jakarta.enterprise.web.util] [tid: _ThreadID=225 _ThreadName=RunLevelControllerThread-1676233575540] [levelValue: 1000] [[
  The web application [] created a ThreadLocal with key of type [java.lang.ThreadLocal] (value [java.lang.ThreadLocal@20b7351d]) and a value of type [org.glassfish.admingui.theme.AdminguiThemeContext] (value [org.glassfish.admingui.theme.AdminguiThemeContext@64a23623]) but failed to remove it when the web application was stopped. Threads are going to be renewed over time to try and avoid a probable memory leak.]]

[2023-02-12T21:26:15.560829+01:00] [GlassFish 7.0] [SEVERE] [] [jakarta.enterprise.web.util] [tid: _ThreadID=225 _ThreadName=RunLevelControllerThread-1676233575540] [levelValue: 1000] [[
  The web application [] created a ThreadLocal with key of type [java.lang.ThreadLocal] (value [java.lang.ThreadLocal@20b7351d]) and a value of type [org.glassfish.admingui.theme.AdminguiThemeContext] (value [org.glassfish.admingui.theme.AdminguiThemeContext@64a23623]) but failed to remove it when the web application was stopped. Threads are going to be renewed over time to try and avoid a probable memory leak.]]

[2023-02-12T21:26:15.560957+01:00] [GlassFish 7.0] [SEVERE] [] [jakarta.enterprise.web.util] [tid: _ThreadID=225 _ThreadName=RunLevelControllerThread-1676233575540] [levelValue: 1000] [[
  The web application [] created a ThreadLocal with key of type [java.lang.ThreadLocal] (value [java.lang.ThreadLocal@20b7351d]) and a value of type [org.glassfish.admingui.theme.AdminguiThemeContext] (value [org.glassfish.admingui.theme.AdminguiThemeContext@64a23623]) but failed to remove it when the web application was stopped. Threads are going to be renewed over time to try and avoid a probable memory leak.]]

[2023-02-12T21:26:15.561197+01:00] [GlassFish 7.0] [SEVERE] [] [jakarta.enterprise.web.util] [tid: _ThreadID=225 _ThreadName=RunLevelControllerThread-1676233575540] [levelValue: 1000] [[
  The web application [] created a ThreadLocal with key of type [java.lang.ThreadLocal] (value [java.lang.ThreadLocal@20b7351d]) and a value of type [org.glassfish.admingui.theme.AdminguiThemeContext] (value [org.glassfish.admingui.theme.AdminguiThemeContext@64a23623]) but failed to remove it when the web application was stopped. Threads are going to be renewed over time to try and avoid a probable memory leak.]]

[2023-02-12T21:26:15.576353+01:00] [GlassFish 7.0] [INFO] [] [jakarta.enterprise.logging.stdout] [tid: _ThreadID=227 _ThreadName=RunLevelControllerThread-1676233575540] [levelValue: 800] [[
  JdbcRuntimeExtension,  getAllSystemRAResourcesAndPools = [GlassFishConfigBean.org.glassfish.jdbc.config.JdbcResource, GlassFishConfigBean.org.glassfish.jdbc.config.JdbcResource, GlassFishConfigBean.org.glassfish.jdbc.config.JdbcConnectionPool, GlassFishConfigBean.org.glassfish.jdbc.config.JdbcConnectionPool, GlassFishConfigBean.org.glassfish.jdbc.config.JdbcConnectionPool]]]

[2023-02-12T21:26:15.580120+01:00] [GlassFish 7.0] [INFO] [ra.stop-successful] [jakarta.enterprise.resource.resourceadapter.com.sun.enterprise.connectors.service] [tid: _ThreadID=229 _ThreadName=Thread-49] [levelValue: 800] [[
  RAR7094: __ds_jdbc_ra shutdown successful.]]

[2023-02-12T21:26:15.581125+01:00] [GlassFish 7.0] [INFO] [NCLS-CORE-00013] [jakarta.enterprise.system.core] [tid: _ThreadID=223 _ThreadName=Thread-43] [levelValue: 800] [[
  Shutdown procedure finished]]

[2023-02-12T21:26:15.582599+01:00] [GlassFish 7.0] [INFO] [] [jakarta.enterprise.logging.stdout] [tid: _ThreadID=14 _ThreadName=GlassFish Shutdown Hook] [levelValue: 800] [[
  Completed shutdown of GlassFish runtime]]

[2023-02-13T18:47:12.312460+01:00] [] [INFO] [NCLS-GFLAUNCHER-00005] [jakarta.enterprise.launcher] [tid: _ThreadID=1 _ThreadName=main] [levelValue: 800] [[
  JVM invocation command line:
/Library/Java/JavaVirtualMachines/jdk-11.jdk/Contents/Home/bin/java
-cp
/Users/andreas/Documents/MIUN/appJava/projekt/dt170g_projekt/glassfish7/glassfish/modules/glassfish.jar
-DWALL_CLOCK_START=2023-02-13T17:47:12.063570Z
-XX:+UnlockDiagnosticVMOptions
-XX:NewRatio=2
-Xmx512m
--add-opens=java.base/java.io=ALL-UNNAMED
--add-opens=java.base/java.lang=ALL-UNNAMED
--add-opens=java.base/java.util=ALL-UNNAMED
--add-opens=java.base/sun.net.www.protocol.jrt=ALL-UNNAMED
--add-opens=java.naming/javax.naming.spi=ALL-UNNAMED
--add-opens=java.rmi/sun.rmi.transport=ALL-UNNAMED
--add-opens=jdk.management/com.sun.management.internal=ALL-UNNAMED
--add-exports=java.naming/com.sun.jndi.ldap=ALL-UNNAMED
--add-exports=java.base/jdk.internal.vm.annotation=ALL-UNNAMED
--add-opens=java.base/jdk.internal.vm.annotation=ALL-UNNAMED
-javaagent:/Users/andreas/Documents/MIUN/appJava/projekt/dt170g_projekt/glassfish7/glassfish/lib/monitor/flashlight-agent.jar
-Djava.awt.headless=true
-Djdk.corba.allowOutputStreamSubclass=true
-Djdk.tls.rejectClientInitiatedRenegotiation=true
-Djavax.xml.accessExternalSchema=all
-Djava.security.policy=/Users/andreas/Documents/MIUN/appJava/projekt/dt170g_projekt/glassfish7/glassfish/domains/domain1/config/server.policy
-Djava.security.auth.login.config=/Users/andreas/Documents/MIUN/appJava/projekt/dt170g_projekt/glassfish7/glassfish/domains/domain1/config/login.conf
-Dcom.sun.enterprise.security.httpsOutboundKeyAlias=s1as
-Djavax.net.ssl.keyStore=/Users/andreas/Documents/MIUN/appJava/projekt/dt170g_projekt/glassfish7/glassfish/domains/domain1/config/keystore.jks
-Djavax.net.ssl.trustStore=/Users/andreas/Documents/MIUN/appJava/projekt/dt170g_projekt/glassfish7/glassfish/domains/domain1/config/cacerts.jks
-Djdbc.drivers=org.apache.derby.jdbc.ClientDriver
-DANTLR_USE_DIRECT_CLASS_LOADING=true
-Dcom.sun.enterprise.config.config_environment_factory_class=com.sun.enterprise.config.serverbeans.AppserverConfigEnvironmentFactory
-Dorg.glassfish.additionalOSGiBundlesToStart=org.apache.felix.shell,org.apache.felix.gogo.runtime,org.apache.felix.gogo.shell,org.apache.felix.gogo.command,org.apache.felix.shell.remote,org.apache.felix.fileinstall
-Dosgi.shell.telnet.port=6666
-Dosgi.shell.telnet.maxconn=1
-Dosgi.shell.telnet.ip=127.0.0.1
-Dgosh.args=--nointeractive
-Dfelix.fileinstall.dir=/Users/andreas/Documents/MIUN/appJava/projekt/dt170g_projekt/glassfish7/glassfish/modules/autostart/
-Dfelix.fileinstall.poll=5000
-Dfelix.fileinstall.log.level=2
-Dfelix.fileinstall.bundles.new.start=true
-Dfelix.fileinstall.bundles.startTransient=true
-Dfelix.fileinstall.disableConfigSave=false
-Dorg.glassfish.gmbal.no.multipleUpperBoundsException=true
-Dcom.ctc.wstx.returnNullForDefaultNamespace=true
-Djdk.attach.allowAttachSelf=true
-Dcom.sun.aas.instanceRoot=/Users/andreas/Documents/MIUN/appJava/projekt/dt170g_projekt/glassfish7/glassfish/domains/domain1
-Dcom.sun.aas.installRoot=/Users/andreas/Documents/MIUN/appJava/projekt/dt170g_projekt/glassfish7/glassfish
-Djava.library.path=/Users/andreas/Documents/MIUN/appJava/projekt/dt170g_projekt/glassfish7/glassfish/lib:/Users/andreas/Library/Java/Extensions:/Library/Java/Extensions:/Network/Library/Java/Extensions:/System/Library/Java/Extensions:/usr/lib/java:/Users/andreas/Documents/MIUN/appJava/projekt/dt170g_projekt/glassfish7/glassfish/bin
com.sun.enterprise.glassfish.bootstrap.ASMain
-upgrade
false
-domaindir
/Users/andreas/Documents/MIUN/appJava/projekt/dt170g_projekt/glassfish7/glassfish/domains/domain1
-read-stdin
true
-asadmin-args
--host,,,localhost,,,--port,,,4848,,,--secure=false,,,--terse=false,,,--echo=false,,,--interactive=false,,,start-domain,,,--verbose=false,,,--watchdog=false,,,--debug=false,,,--domaindir,,,/Users/andreas/Documents/MIUN/appJava/projekt/dt170g_projekt/glassfish7/glassfish/domains,,,domain1
-domainname
domain1
-instancename
server
-type
DAS
-verbose
false
-asadmin-classpath
/Users/andreas/Documents/MIUN/appJava/projekt/dt170g_projekt/glassfish7/glassfish/lib/client/appserver-cli.jar
-debug
false
-asadmin-classname
com.sun.enterprise.admin.cli.AdminMain]]

